[debug] [2026-02-12T12:21:52.247Z] ----------------------------------------------------------------------
[debug] [2026-02-12T12:21:52.248Z] Command:       C:\Program Files\nodejs\node.exe C:\Users\ToddGilmore\AppData\Roaming\npm\node_modules\firebase-tools\lib\bin\firebase.js deploy --only functions
[debug] [2026-02-12T12:21:52.249Z] CLI Version:   15.5.1
[debug] [2026-02-12T12:21:52.249Z] Platform:      win32
[debug] [2026-02-12T12:21:52.249Z] Node Version:  v25.2.1
[debug] [2026-02-12T12:21:52.249Z] Time:          Thu Feb 12 2026 07:21:52 GMT-0500 (Eastern Standard Time)
[debug] [2026-02-12T12:21:52.249Z] ----------------------------------------------------------------------
[debug] 
[debug] [2026-02-12T12:21:53.870Z] > command requires scopes: ["email","openid","https://www.googleapis.com/auth/cloudplatformprojects.readonly","https://www.googleapis.com/auth/firebase","https://www.googleapis.com/auth/cloud-platform"]
[debug] [2026-02-12T12:21:53.870Z] > authorizing via signed-in user (pmcdatabasefirebase@gmail.com)
[debug] [2026-02-12T12:21:53.870Z] [iam] checking project pmcdatabasefirebase-sch for permissions ["cloudfunctions.functions.create","cloudfunctions.functions.delete","cloudfunctions.functions.get","cloudfunctions.functions.list","cloudfunctions.functions.update","cloudfunctions.operations.get","firebase.projects.get"]
[debug] [2026-02-12T12:21:53.871Z] Checked if tokens are valid: true, expires at: 1770901718696
[debug] [2026-02-12T12:21:53.871Z] Checked if tokens are valid: true, expires at: 1770901718696
[debug] [2026-02-12T12:21:53.871Z] >>> [apiv2][query] POST https://cloudresourcemanager.googleapis.com/v1/projects/pmcdatabasefirebase-sch:testIamPermissions [none]
[debug] [2026-02-12T12:21:53.872Z] >>> [apiv2][(partial)header] POST https://cloudresourcemanager.googleapis.com/v1/projects/pmcdatabasefirebase-sch:testIamPermissions  x-goog-user-project=pmcdatabasefirebase-sch
[debug] [2026-02-12T12:21:53.872Z] >>> [apiv2][body] POST https://cloudresourcemanager.googleapis.com/v1/projects/pmcdatabasefirebase-sch:testIamPermissions {"permissions":["cloudfunctions.functions.create","cloudfunctions.functions.delete","cloudfunctions.functions.get","cloudfunctions.functions.list","cloudfunctions.functions.update","cloudfunctions.operations.get","firebase.projects.get"]}
[debug] [2026-02-12T12:21:54.179Z] <<< [apiv2][status] POST https://cloudresourcemanager.googleapis.com/v1/projects/pmcdatabasefirebase-sch:testIamPermissions 200
[debug] [2026-02-12T12:21:54.179Z] <<< [apiv2][body] POST https://cloudresourcemanager.googleapis.com/v1/projects/pmcdatabasefirebase-sch:testIamPermissions {"permissions":["cloudfunctions.functions.create","cloudfunctions.functions.delete","cloudfunctions.functions.get","cloudfunctions.functions.list","cloudfunctions.functions.update","cloudfunctions.operations.get","firebase.projects.get"]}
[debug] [2026-02-12T12:21:54.180Z] Checked if tokens are valid: true, expires at: 1770901718696
[debug] [2026-02-12T12:21:54.180Z] Checked if tokens are valid: true, expires at: 1770901718696
[debug] [2026-02-12T12:21:54.180Z] >>> [apiv2][query] POST https://iam.googleapis.com/v1/projects/pmcdatabasefirebase-sch/serviceAccounts/pmcdatabasefirebase-sch@appspot.gserviceaccount.com:testIamPermissions [none]
[debug] [2026-02-12T12:21:54.180Z] >>> [apiv2][body] POST https://iam.googleapis.com/v1/projects/pmcdatabasefirebase-sch/serviceAccounts/pmcdatabasefirebase-sch@appspot.gserviceaccount.com:testIamPermissions {"permissions":["iam.serviceAccounts.actAs"]}
[debug] [2026-02-12T12:21:54.491Z] <<< [apiv2][status] POST https://iam.googleapis.com/v1/projects/pmcdatabasefirebase-sch/serviceAccounts/pmcdatabasefirebase-sch@appspot.gserviceaccount.com:testIamPermissions 200
[debug] [2026-02-12T12:21:54.491Z] <<< [apiv2][body] POST https://iam.googleapis.com/v1/projects/pmcdatabasefirebase-sch/serviceAccounts/pmcdatabasefirebase-sch@appspot.gserviceaccount.com:testIamPermissions {"permissions":["iam.serviceAccounts.actAs"]}
[info] 
[info] === Deploying to 'pmcdatabasefirebase-sch'...
[info] 
[info] i  deploying functions 
[info] Running command: npm --prefix "$RESOURCE_DIR" run build
[info] +  functions: Finished running predeploy script. 
[debug] [2026-02-12T12:21:56.292Z] Checked if tokens are valid: true, expires at: 1770901718696
[debug] [2026-02-12T12:21:56.292Z] Checked if tokens are valid: true, expires at: 1770901718696
[debug] [2026-02-12T12:21:56.292Z] >>> [apiv2][query] GET https://cloudresourcemanager.googleapis.com/v1/projects/pmcdatabasefirebase-sch [none]
[debug] [2026-02-12T12:21:56.512Z] <<< [apiv2][status] GET https://cloudresourcemanager.googleapis.com/v1/projects/pmcdatabasefirebase-sch 200
[debug] [2026-02-12T12:21:56.512Z] <<< [apiv2][body] GET https://cloudresourcemanager.googleapis.com/v1/projects/pmcdatabasefirebase-sch {"projectNumber":"426435888632","projectId":"pmcdatabasefirebase-sch","lifecycleState":"ACTIVE","name":"pmcdatabasefirebase-Sch","labels":{"firebase":"enabled","firebase-core":"disabled"},"createTime":"2026-01-12T18:59:56.861258Z"}
[info] i  functions: preparing codebase default for deployment 
[info] i  functions: ensuring required API cloudfunctions.googleapis.com is enabled... 
[info] i  functions: ensuring required API cloudbuild.googleapis.com is enabled... 
[info] i  artifactregistry: ensuring required API artifactregistry.googleapis.com is enabled... 
[debug] [2026-02-12T12:21:56.514Z] Checked if tokens are valid: true, expires at: 1770901718696
[debug] [2026-02-12T12:21:56.514Z] Checked if tokens are valid: true, expires at: 1770901718696
[debug] [2026-02-12T12:21:56.514Z] >>> [apiv2][query] GET https://firebase.googleapis.com/v1beta1/projects/pmcdatabasefirebase-sch/adminSdkConfig [none]
[debug] [2026-02-12T12:21:56.821Z] <<< [apiv2][status] GET https://firebase.googleapis.com/v1beta1/projects/pmcdatabasefirebase-sch/adminSdkConfig 200
[debug] [2026-02-12T12:21:56.821Z] <<< [apiv2][body] GET https://firebase.googleapis.com/v1beta1/projects/pmcdatabasefirebase-sch/adminSdkConfig {"projectId":"pmcdatabasefirebase-sch","storageBucket":"pmcdatabasefirebase-sch.firebasestorage.app"}
[debug] [2026-02-12T12:21:56.821Z] Checked if tokens are valid: true, expires at: 1770901718696
[debug] [2026-02-12T12:21:56.821Z] Checked if tokens are valid: true, expires at: 1770901718696
[debug] [2026-02-12T12:21:56.822Z] >>> [apiv2][query] GET https://runtimeconfig.googleapis.com/v1beta1/projects/pmcdatabasefirebase-sch/configs [none]
[debug] [2026-02-12T12:21:57.094Z] <<< [apiv2][status] GET https://runtimeconfig.googleapis.com/v1beta1/projects/pmcdatabasefirebase-sch/configs 200
[debug] [2026-02-12T12:21:57.094Z] <<< [apiv2][body] GET https://runtimeconfig.googleapis.com/v1beta1/projects/pmcdatabasefirebase-sch/configs {}
[debug] [2026-02-12T12:21:57.095Z] Validating nodejs source
[warn] !  functions: package.json indicates an outdated version of firebase-functions. Please upgrade using npm install --save firebase-functions@latest in your functions directory. 
[warn] !  functions: Please note that there will be breaking changes when you upgrade. 
[debug] [2026-02-12T12:21:57.999Z] > [functions] package.json contents: {
  "name": "functions",
  "scripts": {
    "lint": "eslint --ext .js,.ts .",
    "build": "tsc",
    "build:watch": "tsc --watch",
    "serve": "npm run build && firebase emulators:start --only functions",
    "shell": "npm run build && firebase functions:shell",
    "start": "npm run shell",
    "deploy": "firebase deploy --only functions",
    "logs": "firebase functions:log"
  },
  "engines": {
    "node": "22"
  },
  "main": "lib/index.js",
  "dependencies": {
    "firebase-functions": "^4.3.1"
  },
  "devDependencies": {
    "@typescript-eslint/eslint-plugin": "^5.12.0",
    "@typescript-eslint/parser": "^5.12.0",
    "dotenv": "^17.2.4",
    "eslint": "^8.9.0",
    "eslint-config-google": "^0.14.0",
    "eslint-plugin-import": "^2.25.4",
    "firebase-admin": "^13.6.1",
    "firebase-functions-test": "^3.1.0",
    "typescript": "^4.9.0"
  },
  "private": true
}
[debug] [2026-02-12T12:21:57.999Z] Building nodejs source
[info] i  functions: Loading and analyzing source code for codebase default to determine what to deploy 
[info] i  functions: You are using a version of firebase-functions SDK (4.9.0) that does not have support for the newest Firebase Extensions features. Please update firebase-functions SDK to >=5.1.0 to use them correctly 
[debug] [2026-02-12T12:21:58.000Z] Could not find functions.yaml. Must use http discovery
[debug] [2026-02-12T12:21:58.007Z] Found firebase-functions binary at 'C:\Users\ToddGilmore\Analytics\functions\node_modules\.bin\firebase-functions'
[info] Serving at port 8173

[debug] [2026-02-12T12:21:58.616Z] Got response from /__/functions.yaml {"endpoints":{"aggregateProjectData":{"platform":"gcfv1","availableMemoryMb":null,"timeoutSeconds":null,"minInstances":null,"maxInstances":null,"ingressSettings":null,"serviceAccountEmail":null,"vpc":null,"eventTrigger":{"eventType":"providers/cloud.firestore/eventTypes/document.write","eventFilters":{"resource":"projects/pmcdatabasefirebase-sch/databases/(default)/documents/projects/{projectId}"},"retry":false},"labels":{},"entryPoint":"aggregateProjectData"}},"specVersion":"v1alpha1","requiredAPIs":[]}
[info] i  functions: preparing functions directory for uploading... 
[info] i  functions: packaged C:\Users\ToddGilmore\Analytics\functions (97.01 KB) for uploading 
[debug] [2026-02-12T12:22:02.668Z] Checked if tokens are valid: true, expires at: 1770901718696
[debug] [2026-02-12T12:22:02.668Z] Checked if tokens are valid: true, expires at: 1770901718696
[debug] [2026-02-12T12:22:02.668Z] >>> [apiv2][query] GET https://cloudfunctions.googleapis.com/v1/projects/pmcdatabasefirebase-sch/locations/-/functions [none]
[debug] [2026-02-12T12:22:03.359Z] <<< [apiv2][status] GET https://cloudfunctions.googleapis.com/v1/projects/pmcdatabasefirebase-sch/locations/-/functions 200
[debug] [2026-02-12T12:22:03.359Z] <<< [apiv2][body] GET https://cloudfunctions.googleapis.com/v1/projects/pmcdatabasefirebase-sch/locations/-/functions {}
[debug] [2026-02-12T12:22:03.359Z] Checked if tokens are valid: true, expires at: 1770901718696
[debug] [2026-02-12T12:22:03.359Z] Checked if tokens are valid: true, expires at: 1770901718696
[debug] [2026-02-12T12:22:03.360Z] >>> [apiv2][query] GET https://cloudfunctions.googleapis.com/v2/projects/pmcdatabasefirebase-sch/locations/-/functions filter=environment%3D%22GEN_2%22
[debug] [2026-02-12T12:22:03.918Z] <<< [apiv2][status] GET https://cloudfunctions.googleapis.com/v2/projects/pmcdatabasefirebase-sch/locations/-/functions 200
[debug] [2026-02-12T12:22:03.919Z] <<< [apiv2][body] GET https://cloudfunctions.googleapis.com/v2/projects/pmcdatabasefirebase-sch/locations/-/functions {}
[debug] [2026-02-12T12:22:03.920Z] Checked if tokens are valid: true, expires at: 1770901718696
[debug] [2026-02-12T12:22:03.920Z] Checked if tokens are valid: true, expires at: 1770901718696
[debug] [2026-02-12T12:22:03.920Z] >>> [apiv2][query] GET https://cloudresourcemanager.googleapis.com/v1/projects/pmcdatabasefirebase-sch [none]
[debug] [2026-02-12T12:22:04.158Z] <<< [apiv2][status] GET https://cloudresourcemanager.googleapis.com/v1/projects/pmcdatabasefirebase-sch 200
[debug] [2026-02-12T12:22:04.158Z] <<< [apiv2][body] GET https://cloudresourcemanager.googleapis.com/v1/projects/pmcdatabasefirebase-sch {"projectNumber":"426435888632","projectId":"pmcdatabasefirebase-sch","lifecycleState":"ACTIVE","name":"pmcdatabasefirebase-Sch","labels":{"firebase":"enabled","firebase-core":"disabled"},"createTime":"2026-01-12T18:59:56.861258Z"}
[debug] [2026-02-12T12:22:04.159Z] Checked if tokens are valid: true, expires at: 1770901718696
[debug] [2026-02-12T12:22:04.159Z] Checked if tokens are valid: true, expires at: 1770901718696
[debug] [2026-02-12T12:22:04.159Z] >>> [apiv2][query] POST https://cloudfunctions.googleapis.com/v1/projects/pmcdatabasefirebase-sch/locations/us-central1/functions:generateUploadUrl [none]
[debug] [2026-02-12T12:22:04.159Z] >>> [apiv2][body] POST https://cloudfunctions.googleapis.com/v1/projects/pmcdatabasefirebase-sch/locations/us-central1/functions:generateUploadUrl {}
[debug] [2026-02-12T12:22:13.230Z] <<< [apiv2][status] POST https://cloudfunctions.googleapis.com/v1/projects/pmcdatabasefirebase-sch/locations/us-central1/functions:generateUploadUrl 200
[debug] [2026-02-12T12:22:13.230Z] <<< [apiv2][body] POST https://cloudfunctions.googleapis.com/v1/projects/pmcdatabasefirebase-sch/locations/us-central1/functions:generateUploadUrl {"uploadUrl":"https://storage.googleapis.com/uploads-56022745736.us-central1.cloudfunctions.appspot.com/0fa0114e-087f-4cd5-92cf-5881cae4742d.zip?GoogleAccessId=service-426435888632@gcf-admin-robot.iam.gserviceaccount.com&Expires=1770900734&Signature=FeZbgzJsGwlWtQh6f34VPSh0vuMzQe0WOXgalvCw%2BpgXoEa%2FXJwQVr5EZMPYz40XzNLRKdXimdNeyun8yTYxR28i7fmRLtPsLonC7rI8CsiDuV5hmr%2F9rIeDvbD797LoSU6zgDjf%2Fxz%2BdIYCd0HXuq2Tqs4dkIFpWTCNUBEENp0lmW6ROAepyCsmT4JcThxuA39w%2F19te1rvW0VNKu4pwkNuG0tBk3BtWmWBmC7vTKbvgg0qtjnaYJI4BsItMDDz48ctkWUalIiApvw98sAc7AZTLfHQ5cWzhDwcd5qtmhvQPVCxiscuii3CD2X9ocYnIXumt0dsNcqHWqrdouyuxw%3D%3D"}
[debug] [2026-02-12T12:22:13.231Z] >>> [apiv2][query] PUT https://storage.googleapis.com/uploads-56022745736.us-central1.cloudfunctions.appspot.com/0fa0114e-087f-4cd5-92cf-5881cae4742d.zip GoogleAccessId=service-426435888632%40gcf-admin-robot.iam.gserviceaccount.com&Expires=1770900734&Signature=FeZbgzJsGwlWtQh6f34VPSh0vuMzQe0WOXgalvCw%2BpgXoEa%2FXJwQVr5EZMPYz40XzNLRKdXimdNeyun8yTYxR28i7fmRLtPsLonC7rI8CsiDuV5hmr%2F9rIeDvbD797LoSU6zgDjf%2Fxz%2BdIYCd0HXuq2Tqs4dkIFpWTCNUBEENp0lmW6ROAepyCsmT4JcThxuA39w%2F19te1rvW0VNKu4pwkNuG0tBk3BtWmWBmC7vTKbvgg0qtjnaYJI4BsItMDDz48ctkWUalIiApvw98sAc7AZTLfHQ5cWzhDwcd5qtmhvQPVCxiscuii3CD2X9ocYnIXumt0dsNcqHWqrdouyuxw%3D%3D
[debug] [2026-02-12T12:22:13.231Z] >>> [apiv2][body] PUT https://storage.googleapis.com/uploads-56022745736.us-central1.cloudfunctions.appspot.com/0fa0114e-087f-4cd5-92cf-5881cae4742d.zip [stream]
[debug] [2026-02-12T12:22:13.682Z] <<< [apiv2][status] PUT https://storage.googleapis.com/uploads-56022745736.us-central1.cloudfunctions.appspot.com/0fa0114e-087f-4cd5-92cf-5881cae4742d.zip 200
[debug] [2026-02-12T12:22:13.682Z] <<< [apiv2][body] PUT https://storage.googleapis.com/uploads-56022745736.us-central1.cloudfunctions.appspot.com/0fa0114e-087f-4cd5-92cf-5881cae4742d.zip [omitted]
[info] +  functions: functions source uploaded successfully 
[info] i  functions: creating Node.js 22 (1st Gen) function aggregateProjectData(us-central1)... 
[debug] [2026-02-12T12:22:13.684Z] Checked if tokens are valid: true, expires at: 1770901718696
[debug] [2026-02-12T12:22:13.684Z] Checked if tokens are valid: true, expires at: 1770901718696
[debug] [2026-02-12T12:22:13.684Z] >>> [apiv2][query] POST https://cloudfunctions.googleapis.com/v1/projects/pmcdatabasefirebase-sch/locations/us-central1/functions [none]
[debug] [2026-02-12T12:22:13.684Z] >>> [apiv2][body] POST https://cloudfunctions.googleapis.com/v1/projects/pmcdatabasefirebase-sch/locations/us-central1/functions {"name":"projects/pmcdatabasefirebase-sch/locations/us-central1/functions/aggregateProjectData","sourceUploadUrl":"https://storage.googleapis.com/uploads-56022745736.us-central1.cloudfunctions.appspot.com/0fa0114e-087f-4cd5-92cf-5881cae4742d.zip?GoogleAccessId=service-426435888632@gcf-admin-robot.iam.gserviceaccount.com&Expires=1770900734&Signature=FeZbgzJsGwlWtQh6f34VPSh0vuMzQe0WOXgalvCw%2BpgXoEa%2FXJwQVr5EZMPYz40XzNLRKdXimdNeyun8yTYxR28i7fmRLtPsLonC7rI8CsiDuV5hmr%2F9rIeDvbD797LoSU6zgDjf%2Fxz%2BdIYCd0HXuq2Tqs4dkIFpWTCNUBEENp0lmW6ROAepyCsmT4JcThxuA39w%2F19te1rvW0VNKu4pwkNuG0tBk3BtWmWBmC7vTKbvgg0qtjnaYJI4BsItMDDz48ctkWUalIiApvw98sAc7AZTLfHQ5cWzhDwcd5qtmhvQPVCxiscuii3CD2X9ocYnIXumt0dsNcqHWqrdouyuxw%3D%3D","entryPoint":"aggregateProjectData","runtime":"nodejs22","dockerRegistry":"ARTIFACT_REGISTRY","labels":{"deployment-tool":"cli-firebase","firebase-functions-hash":"ce9dd40db795cce4800dc58afb1c26761a8c0fbc"},"eventTrigger":{"eventType":"providers/cloud.firestore/eventTypes/document.write","resource":"projects/pmcdatabasefirebase-sch/databases/(default)/documents/projects/{projectId}"},"minInstances":null,"maxInstances":null,"ingressSettings":null,"environmentVariables":{"FIREBASE_CONFIG":"{\"projectId\":\"pmcdatabasefirebase-sch\",\"storageBucket\":\"pmcdatabasefirebase-sch.firebasestorage.app\"}","GCLOUD_PROJECT":"pmcdatabasefirebase-sch","EVENTARC_CLOUD_EVENT_SOURCE":"projects/pmcdatabasefirebase-sch/locations/us-central1/functions/aggregateProjectData"},"serviceAccountEmail":null,"availableMemoryMb":null,"timeout":null,"vpcConnector":null,"vpcConnectorEgressSettings":null,"buildEnvironmentVariables":{"GOOGLE_NODE_RUN_SCRIPTS":""}}
[debug] [2026-02-12T12:22:15.032Z] <<< [apiv2][status] POST https://cloudfunctions.googleapis.com/v1/projects/pmcdatabasefirebase-sch/locations/us-central1/functions 200
[debug] [2026-02-12T12:22:15.032Z] <<< [apiv2][body] POST https://cloudfunctions.googleapis.com/v1/projects/pmcdatabasefirebase-sch/locations/us-central1/functions {"name":"operations/cHJvamVjdHMvcG1jZGF0YWJhc2VmaXJlYmFzZS1zY2gvbG9jYXRpb25zL3VzLWNlbnRyYWwxL29wZXJhdGlvbnMvb3BlcmF0aW9uLTE3NzA4OTg5MzQ2NzYtNjRhOWY4OWVmM2I1OC03MzM0ZDgxYi02OTZmMTZlNA","metadata":{"@type":"type.googleapis.com/google.cloud.functions.v1.OperationMetadataV1","target":"projects/pmcdatabasefirebase-sch/locations/us-central1/functions/aggregateProjectData","updateTime":"2026-02-12T12:22:15.843814772Z"}}
[debug] [2026-02-12T12:22:15.032Z] Checked if tokens are valid: true, expires at: 1770901718696
[debug] [2026-02-12T12:22:15.032Z] Checked if tokens are valid: true, expires at: 1770901718696
[debug] [2026-02-12T12:22:15.032Z] >>> [apiv2][query] GET https://cloudfunctions.googleapis.com/v1/operations/cHJvamVjdHMvcG1jZGF0YWJhc2VmaXJlYmFzZS1zY2gvbG9jYXRpb25zL3VzLWNlbnRyYWwxL29wZXJhdGlvbnMvb3BlcmF0aW9uLTE3NzA4OTg5MzQ2NzYtNjRhOWY4OWVmM2I1OC03MzM0ZDgxYi02OTZmMTZlNA [none]
[debug] [2026-02-12T12:22:15.217Z] <<< [apiv2][status] GET https://cloudfunctions.googleapis.com/v1/operations/cHJvamVjdHMvcG1jZGF0YWJhc2VmaXJlYmFzZS1zY2gvbG9jYXRpb25zL3VzLWNlbnRyYWwxL29wZXJhdGlvbnMvb3BlcmF0aW9uLTE3NzA4OTg5MzQ2NzYtNjRhOWY4OWVmM2I1OC03MzM0ZDgxYi02OTZmMTZlNA 200
[debug] [2026-02-12T12:22:15.217Z] <<< [apiv2][body] GET https://cloudfunctions.googleapis.com/v1/operations/cHJvamVjdHMvcG1jZGF0YWJhc2VmaXJlYmFzZS1zY2gvbG9jYXRpb25zL3VzLWNlbnRyYWwxL29wZXJhdGlvbnMvb3BlcmF0aW9uLTE3NzA4OTg5MzQ2NzYtNjRhOWY4OWVmM2I1OC03MzM0ZDgxYi02OTZmMTZlNA {"name":"operations/cHJvamVjdHMvcG1jZGF0YWJhc2VmaXJlYmFzZS1zY2gvbG9jYXRpb25zL3VzLWNlbnRyYWwxL29wZXJhdGlvbnMvb3BlcmF0aW9uLTE3NzA4OTg5MzQ2NzYtNjRhOWY4OWVmM2I1OC03MzM0ZDgxYi02OTZmMTZlNA","metadata":{"@type":"type.googleapis.com/google.cloud.functions.v1.OperationMetadataV1","target":"projects/pmcdatabasefirebase-sch/locations/us-central1/functions/aggregateProjectData","updateTime":"2026-02-12T12:22:15.843814772Z"}}
[debug] [2026-02-12T12:22:15.730Z] [create-default-us-central1-aggregateProjectData] Retrying task index 0
[debug] [2026-02-12T12:22:15.730Z] Checked if tokens are valid: true, expires at: 1770901718696
[debug] [2026-02-12T12:22:15.730Z] Checked if tokens are valid: true, expires at: 1770901718696
[debug] [2026-02-12T12:22:15.730Z] >>> [apiv2][query] GET https://cloudfunctions.googleapis.com/v1/operations/cHJvamVjdHMvcG1jZGF0YWJhc2VmaXJlYmFzZS1zY2gvbG9jYXRpb25zL3VzLWNlbnRyYWwxL29wZXJhdGlvbnMvb3BlcmF0aW9uLTE3NzA4OTg5MzQ2NzYtNjRhOWY4OWVmM2I1OC03MzM0ZDgxYi02OTZmMTZlNA [none]
[debug] [2026-02-12T12:22:15.943Z] <<< [apiv2][status] GET https://cloudfunctions.googleapis.com/v1/operations/cHJvamVjdHMvcG1jZGF0YWJhc2VmaXJlYmFzZS1zY2gvbG9jYXRpb25zL3VzLWNlbnRyYWwxL29wZXJhdGlvbnMvb3BlcmF0aW9uLTE3NzA4OTg5MzQ2NzYtNjRhOWY4OWVmM2I1OC03MzM0ZDgxYi02OTZmMTZlNA 200
[debug] [2026-02-12T12:22:15.943Z] <<< [apiv2][body] GET https://cloudfunctions.googleapis.com/v1/operations/cHJvamVjdHMvcG1jZGF0YWJhc2VmaXJlYmFzZS1zY2gvbG9jYXRpb25zL3VzLWNlbnRyYWwxL29wZXJhdGlvbnMvb3BlcmF0aW9uLTE3NzA4OTg5MzQ2NzYtNjRhOWY4OWVmM2I1OC03MzM0ZDgxYi02OTZmMTZlNA {"name":"operations/cHJvamVjdHMvcG1jZGF0YWJhc2VmaXJlYmFzZS1zY2gvbG9jYXRpb25zL3VzLWNlbnRyYWwxL29wZXJhdGlvbnMvb3BlcmF0aW9uLTE3NzA4OTg5MzQ2NzYtNjRhOWY4OWVmM2I1OC03MzM0ZDgxYi02OTZmMTZlNA","metadata":{"@type":"type.googleapis.com/google.cloud.functions.v1.OperationMetadataV1","target":"projects/pmcdatabasefirebase-sch/locations/us-central1/functions/aggregateProjectData","type":"CREATE_FUNCTION","request":{"@type":"type.googleapis.com/google.cloud.functions.v1.CloudFunction","name":"projects/pmcdatabasefirebase-sch/locations/us-central1/functions/aggregateProjectData","eventTrigger":{"eventType":"providers/cloud.firestore/eventTypes/document.write","resource":"projects/pmcdatabasefirebase-sch/databases/(default)/documents/projects/{projectId}","failurePolicy":{}},"entryPoint":"aggregateProjectData","updateTime":"1970-01-01T00:00:00Z","labels":{"deployment-tool":"cli-firebase","firebase-functions-hash":"ce9dd40db795cce4800dc58afb1c26761a8c0fbc"},"sourceUploadUrl":"https://storage.googleapis.com/uploads-56022745736.us-central1.cloudfunctions.appspot.com/0fa0114e-087f-4cd5-92cf-5881cae4742d.zip?GoogleAccessId=service-426435888632@gcf-admin-robot.iam.gserviceaccount.com&Expires=1770900734&Signature=FeZbgzJsGwlWtQh6f34VPSh0vuMzQe0WOXgalvCw%2BpgXoEa%2FXJwQVr5EZMPYz40XzNLRKdXimdNeyun8yTYxR28i7fmRLtPsLonC7rI8CsiDuV5hmr%2F9rIeDvbD797LoSU6zgDjf%2Fxz%2BdIYCd0HXuq2Tqs4dkIFpWTCNUBEENp0lmW6ROAepyCsmT4JcThxuA39w%2F19te1rvW0VNKu4pwkNuG0tBk3BtWmWBmC7vTKbvgg0qtjnaYJI4BsItMDDz48ctkWUalIiApvw98sAc7AZTLfHQ5cWzhDwcd5qtmhvQPVCxiscuii3CD2X9ocYnIXumt0dsNcqHWqrdouyuxw%3D%3D","environmentVariables":{"FIREBASE_CONFIG":"{\"projectId\":\"pmcdatabasefirebase-sch\",\"storageBucket\":\"pmcdatabasefirebase-sch.firebasestorage.app\"}","GCLOUD_PROJECT":"pmcdatabasefirebase-sch","EVENTARC_CLOUD_EVENT_SOURCE":"projects/pmcdatabasefirebase-sch/locations/us-central1/functions/aggregateProjectData"},"runtime":"nodejs22","buildEnvironmentVariables":{"GOOGLE_NODE_RUN_SCRIPTS":""},"dockerRegistry":"ARTIFACT_REGISTRY"},"versionId":"1","updateTime":"2026-02-12T12:22:15.843814772Z"}}
[debug] [2026-02-12T12:22:16.943Z] [create-default-us-central1-aggregateProjectData] Retrying task index 0
[debug] [2026-02-12T12:22:16.943Z] Checked if tokens are valid: true, expires at: 1770901718696
[debug] [2026-02-12T12:22:16.943Z] Checked if tokens are valid: true, expires at: 1770901718696
[debug] [2026-02-12T12:22:16.943Z] >>> [apiv2][query] GET https://cloudfunctions.googleapis.com/v1/operations/cHJvamVjdHMvcG1jZGF0YWJhc2VmaXJlYmFzZS1zY2gvbG9jYXRpb25zL3VzLWNlbnRyYWwxL29wZXJhdGlvbnMvb3BlcmF0aW9uLTE3NzA4OTg5MzQ2NzYtNjRhOWY4OWVmM2I1OC03MzM0ZDgxYi02OTZmMTZlNA [none]
[debug] [2026-02-12T12:22:17.071Z] <<< [apiv2][status] GET https://cloudfunctions.googleapis.com/v1/operations/cHJvamVjdHMvcG1jZGF0YWJhc2VmaXJlYmFzZS1zY2gvbG9jYXRpb25zL3VzLWNlbnRyYWwxL29wZXJhdGlvbnMvb3BlcmF0aW9uLTE3NzA4OTg5MzQ2NzYtNjRhOWY4OWVmM2I1OC03MzM0ZDgxYi02OTZmMTZlNA 200
[debug] [2026-02-12T12:22:17.071Z] <<< [apiv2][body] GET https://cloudfunctions.googleapis.com/v1/operations/cHJvamVjdHMvcG1jZGF0YWJhc2VmaXJlYmFzZS1zY2gvbG9jYXRpb25zL3VzLWNlbnRyYWwxL29wZXJhdGlvbnMvb3BlcmF0aW9uLTE3NzA4OTg5MzQ2NzYtNjRhOWY4OWVmM2I1OC03MzM0ZDgxYi02OTZmMTZlNA {"name":"operations/cHJvamVjdHMvcG1jZGF0YWJhc2VmaXJlYmFzZS1zY2gvbG9jYXRpb25zL3VzLWNlbnRyYWwxL29wZXJhdGlvbnMvb3BlcmF0aW9uLTE3NzA4OTg5MzQ2NzYtNjRhOWY4OWVmM2I1OC03MzM0ZDgxYi02OTZmMTZlNA","metadata":{"@type":"type.googleapis.com/google.cloud.functions.v1.OperationMetadataV1","target":"projects/pmcdatabasefirebase-sch/locations/us-central1/functions/aggregateProjectData","type":"CREATE_FUNCTION","request":{"@type":"type.googleapis.com/google.cloud.functions.v1.CloudFunction","name":"projects/pmcdatabasefirebase-sch/locations/us-central1/functions/aggregateProjectData","eventTrigger":{"eventType":"providers/cloud.firestore/eventTypes/document.write","resource":"projects/pmcdatabasefirebase-sch/databases/(default)/documents/projects/{projectId}","failurePolicy":{}},"entryPoint":"aggregateProjectData","updateTime":"1970-01-01T00:00:00Z","labels":{"deployment-tool":"cli-firebase","firebase-functions-hash":"ce9dd40db795cce4800dc58afb1c26761a8c0fbc"},"sourceUploadUrl":"https://storage.googleapis.com/uploads-56022745736.us-central1.cloudfunctions.appspot.com/0fa0114e-087f-4cd5-92cf-5881cae4742d.zip?GoogleAccessId=service-426435888632@gcf-admin-robot.iam.gserviceaccount.com&Expires=1770900734&Signature=FeZbgzJsGwlWtQh6f34VPSh0vuMzQe0WOXgalvCw%2BpgXoEa%2FXJwQVr5EZMPYz40XzNLRKdXimdNeyun8yTYxR28i7fmRLtPsLonC7rI8CsiDuV5hmr%2F9rIeDvbD797LoSU6zgDjf%2Fxz%2BdIYCd0HXuq2Tqs4dkIFpWTCNUBEENp0lmW6ROAepyCsmT4JcThxuA39w%2F19te1rvW0VNKu4pwkNuG0tBk3BtWmWBmC7vTKbvgg0qtjnaYJI4BsItMDDz48ctkWUalIiApvw98sAc7AZTLfHQ5cWzhDwcd5qtmhvQPVCxiscuii3CD2X9ocYnIXumt0dsNcqHWqrdouyuxw%3D%3D","environmentVariables":{"FIREBASE_CONFIG":"{\"projectId\":\"pmcdatabasefirebase-sch\",\"storageBucket\":\"pmcdatabasefirebase-sch.firebasestorage.app\"}","GCLOUD_PROJECT":"pmcdatabasefirebase-sch","EVENTARC_CLOUD_EVENT_SOURCE":"projects/pmcdatabasefirebase-sch/locations/us-central1/functions/aggregateProjectData"},"runtime":"nodejs22","buildEnvironmentVariables":{"GOOGLE_NODE_RUN_SCRIPTS":""},"dockerRegistry":"ARTIFACT_REGISTRY"},"versionId":"1","updateTime":"2026-02-12T12:22:15.843814772Z"}}
[debug] [2026-02-12T12:22:19.074Z] [create-default-us-central1-aggregateProjectData] Retrying task index 0
[debug] [2026-02-12T12:22:19.074Z] Checked if tokens are valid: true, expires at: 1770901718696
[debug] [2026-02-12T12:22:19.074Z] Checked if tokens are valid: true, expires at: 1770901718696
[debug] [2026-02-12T12:22:19.074Z] >>> [apiv2][query] GET https://cloudfunctions.googleapis.com/v1/operations/cHJvamVjdHMvcG1jZGF0YWJhc2VmaXJlYmFzZS1zY2gvbG9jYXRpb25zL3VzLWNlbnRyYWwxL29wZXJhdGlvbnMvb3BlcmF0aW9uLTE3NzA4OTg5MzQ2NzYtNjRhOWY4OWVmM2I1OC03MzM0ZDgxYi02OTZmMTZlNA [none]
[debug] [2026-02-12T12:22:19.238Z] <<< [apiv2][status] GET https://cloudfunctions.googleapis.com/v1/operations/cHJvamVjdHMvcG1jZGF0YWJhc2VmaXJlYmFzZS1zY2gvbG9jYXRpb25zL3VzLWNlbnRyYWwxL29wZXJhdGlvbnMvb3BlcmF0aW9uLTE3NzA4OTg5MzQ2NzYtNjRhOWY4OWVmM2I1OC03MzM0ZDgxYi02OTZmMTZlNA 200
[debug] [2026-02-12T12:22:19.238Z] <<< [apiv2][body] GET https://cloudfunctions.googleapis.com/v1/operations/cHJvamVjdHMvcG1jZGF0YWJhc2VmaXJlYmFzZS1zY2gvbG9jYXRpb25zL3VzLWNlbnRyYWwxL29wZXJhdGlvbnMvb3BlcmF0aW9uLTE3NzA4OTg5MzQ2NzYtNjRhOWY4OWVmM2I1OC03MzM0ZDgxYi02OTZmMTZlNA {"name":"operations/cHJvamVjdHMvcG1jZGF0YWJhc2VmaXJlYmFzZS1zY2gvbG9jYXRpb25zL3VzLWNlbnRyYWwxL29wZXJhdGlvbnMvb3BlcmF0aW9uLTE3NzA4OTg5MzQ2NzYtNjRhOWY4OWVmM2I1OC03MzM0ZDgxYi02OTZmMTZlNA","metadata":{"@type":"type.googleapis.com/google.cloud.functions.v1.OperationMetadataV1","target":"projects/pmcdatabasefirebase-sch/locations/us-central1/functions/aggregateProjectData","type":"CREATE_FUNCTION","request":{"@type":"type.googleapis.com/google.cloud.functions.v1.CloudFunction","name":"projects/pmcdatabasefirebase-sch/locations/us-central1/functions/aggregateProjectData","eventTrigger":{"eventType":"providers/cloud.firestore/eventTypes/document.write","resource":"projects/pmcdatabasefirebase-sch/databases/(default)/documents/projects/{projectId}","failurePolicy":{}},"entryPoint":"aggregateProjectData","updateTime":"1970-01-01T00:00:00Z","labels":{"deployment-tool":"cli-firebase","firebase-functions-hash":"ce9dd40db795cce4800dc58afb1c26761a8c0fbc"},"sourceUploadUrl":"https://storage.googleapis.com/uploads-56022745736.us-central1.cloudfunctions.appspot.com/0fa0114e-087f-4cd5-92cf-5881cae4742d.zip?GoogleAccessId=service-426435888632@gcf-admin-robot.iam.gserviceaccount.com&Expires=1770900734&Signature=FeZbgzJsGwlWtQh6f34VPSh0vuMzQe0WOXgalvCw%2BpgXoEa%2FXJwQVr5EZMPYz40XzNLRKdXimdNeyun8yTYxR28i7fmRLtPsLonC7rI8CsiDuV5hmr%2F9rIeDvbD797LoSU6zgDjf%2Fxz%2BdIYCd0HXuq2Tqs4dkIFpWTCNUBEENp0lmW6ROAepyCsmT4JcThxuA39w%2F19te1rvW0VNKu4pwkNuG0tBk3BtWmWBmC7vTKbvgg0qtjnaYJI4BsItMDDz48ctkWUalIiApvw98sAc7AZTLfHQ5cWzhDwcd5qtmhvQPVCxiscuii3CD2X9ocYnIXumt0dsNcqHWqrdouyuxw%3D%3D","environmentVariables":{"FIREBASE_CONFIG":"{\"projectId\":\"pmcdatabasefirebase-sch\",\"storageBucket\":\"pmcdatabasefirebase-sch.firebasestorage.app\"}","GCLOUD_PROJECT":"pmcdatabasefirebase-sch","EVENTARC_CLOUD_EVENT_SOURCE":"projects/pmcdatabasefirebase-sch/locations/us-central1/functions/aggregateProjectData"},"runtime":"nodejs22","buildEnvironmentVariables":{"GOOGLE_NODE_RUN_SCRIPTS":""},"dockerRegistry":"ARTIFACT_REGISTRY"},"versionId":"1","updateTime":"2026-02-12T12:22:15.843814772Z"}}
[debug] [2026-02-12T12:22:23.244Z] [create-default-us-central1-aggregateProjectData] Retrying task index 0
[debug] [2026-02-12T12:22:23.245Z] Checked if tokens are valid: true, expires at: 1770901718696
[debug] [2026-02-12T12:22:23.245Z] Checked if tokens are valid: true, expires at: 1770901718696
[debug] [2026-02-12T12:22:23.245Z] >>> [apiv2][query] GET https://cloudfunctions.googleapis.com/v1/operations/cHJvamVjdHMvcG1jZGF0YWJhc2VmaXJlYmFzZS1zY2gvbG9jYXRpb25zL3VzLWNlbnRyYWwxL29wZXJhdGlvbnMvb3BlcmF0aW9uLTE3NzA4OTg5MzQ2NzYtNjRhOWY4OWVmM2I1OC03MzM0ZDgxYi02OTZmMTZlNA [none]
[debug] [2026-02-12T12:22:23.392Z] <<< [apiv2][status] GET https://cloudfunctions.googleapis.com/v1/operations/cHJvamVjdHMvcG1jZGF0YWJhc2VmaXJlYmFzZS1zY2gvbG9jYXRpb25zL3VzLWNlbnRyYWwxL29wZXJhdGlvbnMvb3BlcmF0aW9uLTE3NzA4OTg5MzQ2NzYtNjRhOWY4OWVmM2I1OC03MzM0ZDgxYi02OTZmMTZlNA 200
[debug] [2026-02-12T12:22:23.392Z] <<< [apiv2][body] GET https://cloudfunctions.googleapis.com/v1/operations/cHJvamVjdHMvcG1jZGF0YWJhc2VmaXJlYmFzZS1zY2gvbG9jYXRpb25zL3VzLWNlbnRyYWwxL29wZXJhdGlvbnMvb3BlcmF0aW9uLTE3NzA4OTg5MzQ2NzYtNjRhOWY4OWVmM2I1OC03MzM0ZDgxYi02OTZmMTZlNA {"name":"operations/cHJvamVjdHMvcG1jZGF0YWJhc2VmaXJlYmFzZS1zY2gvbG9jYXRpb25zL3VzLWNlbnRyYWwxL29wZXJhdGlvbnMvb3BlcmF0aW9uLTE3NzA4OTg5MzQ2NzYtNjRhOWY4OWVmM2I1OC03MzM0ZDgxYi02OTZmMTZlNA","metadata":{"@type":"type.googleapis.com/google.cloud.functions.v1.OperationMetadataV1","target":"projects/pmcdatabasefirebase-sch/locations/us-central1/functions/aggregateProjectData","type":"CREATE_FUNCTION","request":{"@type":"type.googleapis.com/google.cloud.functions.v1.CloudFunction","name":"projects/pmcdatabasefirebase-sch/locations/us-central1/functions/aggregateProjectData","eventTrigger":{"eventType":"providers/cloud.firestore/eventTypes/document.write","resource":"projects/pmcdatabasefirebase-sch/databases/(default)/documents/projects/{projectId}","failurePolicy":{}},"entryPoint":"aggregateProjectData","updateTime":"1970-01-01T00:00:00Z","labels":{"deployment-tool":"cli-firebase","firebase-functions-hash":"ce9dd40db795cce4800dc58afb1c26761a8c0fbc"},"sourceUploadUrl":"https://storage.googleapis.com/uploads-56022745736.us-central1.cloudfunctions.appspot.com/0fa0114e-087f-4cd5-92cf-5881cae4742d.zip?GoogleAccessId=service-426435888632@gcf-admin-robot.iam.gserviceaccount.com&Expires=1770900734&Signature=FeZbgzJsGwlWtQh6f34VPSh0vuMzQe0WOXgalvCw%2BpgXoEa%2FXJwQVr5EZMPYz40XzNLRKdXimdNeyun8yTYxR28i7fmRLtPsLonC7rI8CsiDuV5hmr%2F9rIeDvbD797LoSU6zgDjf%2Fxz%2BdIYCd0HXuq2Tqs4dkIFpWTCNUBEENp0lmW6ROAepyCsmT4JcThxuA39w%2F19te1rvW0VNKu4pwkNuG0tBk3BtWmWBmC7vTKbvgg0qtjnaYJI4BsItMDDz48ctkWUalIiApvw98sAc7AZTLfHQ5cWzhDwcd5qtmhvQPVCxiscuii3CD2X9ocYnIXumt0dsNcqHWqrdouyuxw%3D%3D","environmentVariables":{"FIREBASE_CONFIG":"{\"projectId\":\"pmcdatabasefirebase-sch\",\"storageBucket\":\"pmcdatabasefirebase-sch.firebasestorage.app\"}","GCLOUD_PROJECT":"pmcdatabasefirebase-sch","EVENTARC_CLOUD_EVENT_SOURCE":"projects/pmcdatabasefirebase-sch/locations/us-central1/functions/aggregateProjectData"},"runtime":"nodejs22","buildEnvironmentVariables":{"GOOGLE_NODE_RUN_SCRIPTS":""},"dockerRegistry":"ARTIFACT_REGISTRY"},"versionId":"1","updateTime":"2026-02-12T12:22:15.843814772Z"}}
[debug] [2026-02-12T12:22:31.405Z] [create-default-us-central1-aggregateProjectData] Retrying task index 0
[debug] [2026-02-12T12:22:31.405Z] Checked if tokens are valid: true, expires at: 1770901718696
[debug] [2026-02-12T12:22:31.405Z] Checked if tokens are valid: true, expires at: 1770901718696
[debug] [2026-02-12T12:22:31.405Z] >>> [apiv2][query] GET https://cloudfunctions.googleapis.com/v1/operations/cHJvamVjdHMvcG1jZGF0YWJhc2VmaXJlYmFzZS1zY2gvbG9jYXRpb25zL3VzLWNlbnRyYWwxL29wZXJhdGlvbnMvb3BlcmF0aW9uLTE3NzA4OTg5MzQ2NzYtNjRhOWY4OWVmM2I1OC03MzM0ZDgxYi02OTZmMTZlNA [none]
[debug] [2026-02-12T12:22:31.591Z] <<< [apiv2][status] GET https://cloudfunctions.googleapis.com/v1/operations/cHJvamVjdHMvcG1jZGF0YWJhc2VmaXJlYmFzZS1zY2gvbG9jYXRpb25zL3VzLWNlbnRyYWwxL29wZXJhdGlvbnMvb3BlcmF0aW9uLTE3NzA4OTg5MzQ2NzYtNjRhOWY4OWVmM2I1OC03MzM0ZDgxYi02OTZmMTZlNA 200
[debug] [2026-02-12T12:22:31.592Z] <<< [apiv2][body] GET https://cloudfunctions.googleapis.com/v1/operations/cHJvamVjdHMvcG1jZGF0YWJhc2VmaXJlYmFzZS1zY2gvbG9jYXRpb25zL3VzLWNlbnRyYWwxL29wZXJhdGlvbnMvb3BlcmF0aW9uLTE3NzA4OTg5MzQ2NzYtNjRhOWY4OWVmM2I1OC03MzM0ZDgxYi02OTZmMTZlNA {"name":"operations/cHJvamVjdHMvcG1jZGF0YWJhc2VmaXJlYmFzZS1zY2gvbG9jYXRpb25zL3VzLWNlbnRyYWwxL29wZXJhdGlvbnMvb3BlcmF0aW9uLTE3NzA4OTg5MzQ2NzYtNjRhOWY4OWVmM2I1OC03MzM0ZDgxYi02OTZmMTZlNA","metadata":{"@type":"type.googleapis.com/google.cloud.functions.v1.OperationMetadataV1","target":"projects/pmcdatabasefirebase-sch/locations/us-central1/functions/aggregateProjectData","type":"CREATE_FUNCTION","request":{"@type":"type.googleapis.com/google.cloud.functions.v1.CloudFunction","name":"projects/pmcdatabasefirebase-sch/locations/us-central1/functions/aggregateProjectData","eventTrigger":{"eventType":"providers/cloud.firestore/eventTypes/document.write","resource":"projects/pmcdatabasefirebase-sch/databases/(default)/documents/projects/{projectId}","failurePolicy":{}},"entryPoint":"aggregateProjectData","updateTime":"1970-01-01T00:00:00Z","labels":{"deployment-tool":"cli-firebase","firebase-functions-hash":"ce9dd40db795cce4800dc58afb1c26761a8c0fbc"},"sourceUploadUrl":"https://storage.googleapis.com/uploads-56022745736.us-central1.cloudfunctions.appspot.com/0fa0114e-087f-4cd5-92cf-5881cae4742d.zip?GoogleAccessId=service-426435888632@gcf-admin-robot.iam.gserviceaccount.com&Expires=1770900734&Signature=FeZbgzJsGwlWtQh6f34VPSh0vuMzQe0WOXgalvCw%2BpgXoEa%2FXJwQVr5EZMPYz40XzNLRKdXimdNeyun8yTYxR28i7fmRLtPsLonC7rI8CsiDuV5hmr%2F9rIeDvbD797LoSU6zgDjf%2Fxz%2BdIYCd0HXuq2Tqs4dkIFpWTCNUBEENp0lmW6ROAepyCsmT4JcThxuA39w%2F19te1rvW0VNKu4pwkNuG0tBk3BtWmWBmC7vTKbvgg0qtjnaYJI4BsItMDDz48ctkWUalIiApvw98sAc7AZTLfHQ5cWzhDwcd5qtmhvQPVCxiscuii3CD2X9ocYnIXumt0dsNcqHWqrdouyuxw%3D%3D","environmentVariables":{"FIREBASE_CONFIG":"{\"projectId\":\"pmcdatabasefirebase-sch\",\"storageBucket\":\"pmcdatabasefirebase-sch.firebasestorage.app\"}","GCLOUD_PROJECT":"pmcdatabasefirebase-sch","EVENTARC_CLOUD_EVENT_SOURCE":"projects/pmcdatabasefirebase-sch/locations/us-central1/functions/aggregateProjectData"},"runtime":"nodejs22","buildEnvironmentVariables":{"GOOGLE_NODE_RUN_SCRIPTS":""},"dockerRegistry":"ARTIFACT_REGISTRY"},"versionId":"1","updateTime":"2026-02-12T12:22:15.843814772Z","buildId":"6168f546-419a-4b38-b755-21728fa4c93c","buildName":"projects/426435888632/locations/us-central1/builds/6168f546-419a-4b38-b755-21728fa4c93c"}}
[debug] [2026-02-12T12:22:41.593Z] [create-default-us-central1-aggregateProjectData] Retrying task index 0
[debug] [2026-02-12T12:22:41.593Z] Checked if tokens are valid: true, expires at: 1770901718696
[debug] [2026-02-12T12:22:41.593Z] Checked if tokens are valid: true, expires at: 1770901718696
[debug] [2026-02-12T12:22:41.593Z] >>> [apiv2][query] GET https://cloudfunctions.googleapis.com/v1/operations/cHJvamVjdHMvcG1jZGF0YWJhc2VmaXJlYmFzZS1zY2gvbG9jYXRpb25zL3VzLWNlbnRyYWwxL29wZXJhdGlvbnMvb3BlcmF0aW9uLTE3NzA4OTg5MzQ2NzYtNjRhOWY4OWVmM2I1OC03MzM0ZDgxYi02OTZmMTZlNA [none]
[debug] [2026-02-12T12:22:41.792Z] <<< [apiv2][status] GET https://cloudfunctions.googleapis.com/v1/operations/cHJvamVjdHMvcG1jZGF0YWJhc2VmaXJlYmFzZS1zY2gvbG9jYXRpb25zL3VzLWNlbnRyYWwxL29wZXJhdGlvbnMvb3BlcmF0aW9uLTE3NzA4OTg5MzQ2NzYtNjRhOWY4OWVmM2I1OC03MzM0ZDgxYi02OTZmMTZlNA 200
[debug] [2026-02-12T12:22:41.792Z] <<< [apiv2][body] GET https://cloudfunctions.googleapis.com/v1/operations/cHJvamVjdHMvcG1jZGF0YWJhc2VmaXJlYmFzZS1zY2gvbG9jYXRpb25zL3VzLWNlbnRyYWwxL29wZXJhdGlvbnMvb3BlcmF0aW9uLTE3NzA4OTg5MzQ2NzYtNjRhOWY4OWVmM2I1OC03MzM0ZDgxYi02OTZmMTZlNA {"name":"operations/cHJvamVjdHMvcG1jZGF0YWJhc2VmaXJlYmFzZS1zY2gvbG9jYXRpb25zL3VzLWNlbnRyYWwxL29wZXJhdGlvbnMvb3BlcmF0aW9uLTE3NzA4OTg5MzQ2NzYtNjRhOWY4OWVmM2I1OC03MzM0ZDgxYi02OTZmMTZlNA","metadata":{"@type":"type.googleapis.com/google.cloud.functions.v1.OperationMetadataV1","target":"projects/pmcdatabasefirebase-sch/locations/us-central1/functions/aggregateProjectData","type":"CREATE_FUNCTION","request":{"@type":"type.googleapis.com/google.cloud.functions.v1.CloudFunction","name":"projects/pmcdatabasefirebase-sch/locations/us-central1/functions/aggregateProjectData","eventTrigger":{"eventType":"providers/cloud.firestore/eventTypes/document.write","resource":"projects/pmcdatabasefirebase-sch/databases/(default)/documents/projects/{projectId}","failurePolicy":{}},"entryPoint":"aggregateProjectData","updateTime":"1970-01-01T00:00:00Z","labels":{"deployment-tool":"cli-firebase","firebase-functions-hash":"ce9dd40db795cce4800dc58afb1c26761a8c0fbc"},"sourceUploadUrl":"https://storage.googleapis.com/uploads-56022745736.us-central1.cloudfunctions.appspot.com/0fa0114e-087f-4cd5-92cf-5881cae4742d.zip?GoogleAccessId=service-426435888632@gcf-admin-robot.iam.gserviceaccount.com&Expires=1770900734&Signature=FeZbgzJsGwlWtQh6f34VPSh0vuMzQe0WOXgalvCw%2BpgXoEa%2FXJwQVr5EZMPYz40XzNLRKdXimdNeyun8yTYxR28i7fmRLtPsLonC7rI8CsiDuV5hmr%2F9rIeDvbD797LoSU6zgDjf%2Fxz%2BdIYCd0HXuq2Tqs4dkIFpWTCNUBEENp0lmW6ROAepyCsmT4JcThxuA39w%2F19te1rvW0VNKu4pwkNuG0tBk3BtWmWBmC7vTKbvgg0qtjnaYJI4BsItMDDz48ctkWUalIiApvw98sAc7AZTLfHQ5cWzhDwcd5qtmhvQPVCxiscuii3CD2X9ocYnIXumt0dsNcqHWqrdouyuxw%3D%3D","environmentVariables":{"FIREBASE_CONFIG":"{\"projectId\":\"pmcdatabasefirebase-sch\",\"storageBucket\":\"pmcdatabasefirebase-sch.firebasestorage.app\"}","GCLOUD_PROJECT":"pmcdatabasefirebase-sch","EVENTARC_CLOUD_EVENT_SOURCE":"projects/pmcdatabasefirebase-sch/locations/us-central1/functions/aggregateProjectData"},"runtime":"nodejs22","buildEnvironmentVariables":{"GOOGLE_NODE_RUN_SCRIPTS":""},"dockerRegistry":"ARTIFACT_REGISTRY"},"versionId":"1","updateTime":"2026-02-12T12:22:15.843814772Z","buildId":"6168f546-419a-4b38-b755-21728fa4c93c","buildName":"projects/426435888632/locations/us-central1/builds/6168f546-419a-4b38-b755-21728fa4c93c"}}
[debug] [2026-02-12T12:22:51.794Z] [create-default-us-central1-aggregateProjectData] Retrying task index 0
[debug] [2026-02-12T12:22:51.795Z] Checked if tokens are valid: true, expires at: 1770901718696
[debug] [2026-02-12T12:22:51.795Z] Checked if tokens are valid: true, expires at: 1770901718696
[debug] [2026-02-12T12:22:51.795Z] >>> [apiv2][query] GET https://cloudfunctions.googleapis.com/v1/operations/cHJvamVjdHMvcG1jZGF0YWJhc2VmaXJlYmFzZS1zY2gvbG9jYXRpb25zL3VzLWNlbnRyYWwxL29wZXJhdGlvbnMvb3BlcmF0aW9uLTE3NzA4OTg5MzQ2NzYtNjRhOWY4OWVmM2I1OC03MzM0ZDgxYi02OTZmMTZlNA [none]
[debug] [2026-02-12T12:22:52.002Z] <<< [apiv2][status] GET https://cloudfunctions.googleapis.com/v1/operations/cHJvamVjdHMvcG1jZGF0YWJhc2VmaXJlYmFzZS1zY2gvbG9jYXRpb25zL3VzLWNlbnRyYWwxL29wZXJhdGlvbnMvb3BlcmF0aW9uLTE3NzA4OTg5MzQ2NzYtNjRhOWY4OWVmM2I1OC03MzM0ZDgxYi02OTZmMTZlNA 200
[debug] [2026-02-12T12:22:52.002Z] <<< [apiv2][body] GET https://cloudfunctions.googleapis.com/v1/operations/cHJvamVjdHMvcG1jZGF0YWJhc2VmaXJlYmFzZS1zY2gvbG9jYXRpb25zL3VzLWNlbnRyYWwxL29wZXJhdGlvbnMvb3BlcmF0aW9uLTE3NzA4OTg5MzQ2NzYtNjRhOWY4OWVmM2I1OC03MzM0ZDgxYi02OTZmMTZlNA {"name":"operations/cHJvamVjdHMvcG1jZGF0YWJhc2VmaXJlYmFzZS1zY2gvbG9jYXRpb25zL3VzLWNlbnRyYWwxL29wZXJhdGlvbnMvb3BlcmF0aW9uLTE3NzA4OTg5MzQ2NzYtNjRhOWY4OWVmM2I1OC03MzM0ZDgxYi02OTZmMTZlNA","metadata":{"@type":"type.googleapis.com/google.cloud.functions.v1.OperationMetadataV1","target":"projects/pmcdatabasefirebase-sch/locations/us-central1/functions/aggregateProjectData","type":"CREATE_FUNCTION","request":{"@type":"type.googleapis.com/google.cloud.functions.v1.CloudFunction","name":"projects/pmcdatabasefirebase-sch/locations/us-central1/functions/aggregateProjectData","eventTrigger":{"eventType":"providers/cloud.firestore/eventTypes/document.write","resource":"projects/pmcdatabasefirebase-sch/databases/(default)/documents/projects/{projectId}","failurePolicy":{}},"entryPoint":"aggregateProjectData","updateTime":"1970-01-01T00:00:00Z","labels":{"deployment-tool":"cli-firebase","firebase-functions-hash":"ce9dd40db795cce4800dc58afb1c26761a8c0fbc"},"sourceUploadUrl":"https://storage.googleapis.com/uploads-56022745736.us-central1.cloudfunctions.appspot.com/0fa0114e-087f-4cd5-92cf-5881cae4742d.zip?GoogleAccessId=service-426435888632@gcf-admin-robot.iam.gserviceaccount.com&Expires=1770900734&Signature=FeZbgzJsGwlWtQh6f34VPSh0vuMzQe0WOXgalvCw%2BpgXoEa%2FXJwQVr5EZMPYz40XzNLRKdXimdNeyun8yTYxR28i7fmRLtPsLonC7rI8CsiDuV5hmr%2F9rIeDvbD797LoSU6zgDjf%2Fxz%2BdIYCd0HXuq2Tqs4dkIFpWTCNUBEENp0lmW6ROAepyCsmT4JcThxuA39w%2F19te1rvW0VNKu4pwkNuG0tBk3BtWmWBmC7vTKbvgg0qtjnaYJI4BsItMDDz48ctkWUalIiApvw98sAc7AZTLfHQ5cWzhDwcd5qtmhvQPVCxiscuii3CD2X9ocYnIXumt0dsNcqHWqrdouyuxw%3D%3D","environmentVariables":{"FIREBASE_CONFIG":"{\"projectId\":\"pmcdatabasefirebase-sch\",\"storageBucket\":\"pmcdatabasefirebase-sch.firebasestorage.app\"}","GCLOUD_PROJECT":"pmcdatabasefirebase-sch","EVENTARC_CLOUD_EVENT_SOURCE":"projects/pmcdatabasefirebase-sch/locations/us-central1/functions/aggregateProjectData"},"runtime":"nodejs22","buildEnvironmentVariables":{"GOOGLE_NODE_RUN_SCRIPTS":""},"dockerRegistry":"ARTIFACT_REGISTRY"},"versionId":"1","updateTime":"2026-02-12T12:22:15.843814772Z","buildId":"6168f546-419a-4b38-b755-21728fa4c93c","buildName":"projects/426435888632/locations/us-central1/builds/6168f546-419a-4b38-b755-21728fa4c93c"}}
[debug] [2026-02-12T12:23:02.016Z] [create-default-us-central1-aggregateProjectData] Retrying task index 0
[debug] [2026-02-12T12:23:02.017Z] Checked if tokens are valid: true, expires at: 1770901718696
[debug] [2026-02-12T12:23:02.017Z] Checked if tokens are valid: true, expires at: 1770901718696
[debug] [2026-02-12T12:23:02.017Z] >>> [apiv2][query] GET https://cloudfunctions.googleapis.com/v1/operations/cHJvamVjdHMvcG1jZGF0YWJhc2VmaXJlYmFzZS1zY2gvbG9jYXRpb25zL3VzLWNlbnRyYWwxL29wZXJhdGlvbnMvb3BlcmF0aW9uLTE3NzA4OTg5MzQ2NzYtNjRhOWY4OWVmM2I1OC03MzM0ZDgxYi02OTZmMTZlNA [none]
[debug] [2026-02-12T12:23:02.238Z] <<< [apiv2][status] GET https://cloudfunctions.googleapis.com/v1/operations/cHJvamVjdHMvcG1jZGF0YWJhc2VmaXJlYmFzZS1zY2gvbG9jYXRpb25zL3VzLWNlbnRyYWwxL29wZXJhdGlvbnMvb3BlcmF0aW9uLTE3NzA4OTg5MzQ2NzYtNjRhOWY4OWVmM2I1OC03MzM0ZDgxYi02OTZmMTZlNA 200
[debug] [2026-02-12T12:23:02.238Z] <<< [apiv2][body] GET https://cloudfunctions.googleapis.com/v1/operations/cHJvamVjdHMvcG1jZGF0YWJhc2VmaXJlYmFzZS1zY2gvbG9jYXRpb25zL3VzLWNlbnRyYWwxL29wZXJhdGlvbnMvb3BlcmF0aW9uLTE3NzA4OTg5MzQ2NzYtNjRhOWY4OWVmM2I1OC03MzM0ZDgxYi02OTZmMTZlNA {"name":"operations/cHJvamVjdHMvcG1jZGF0YWJhc2VmaXJlYmFzZS1zY2gvbG9jYXRpb25zL3VzLWNlbnRyYWwxL29wZXJhdGlvbnMvb3BlcmF0aW9uLTE3NzA4OTg5MzQ2NzYtNjRhOWY4OWVmM2I1OC03MzM0ZDgxYi02OTZmMTZlNA","metadata":{"@type":"type.googleapis.com/google.cloud.functions.v1.OperationMetadataV1","target":"projects/pmcdatabasefirebase-sch/locations/us-central1/functions/aggregateProjectData","type":"CREATE_FUNCTION","request":{"@type":"type.googleapis.com/google.cloud.functions.v1.CloudFunction","name":"projects/pmcdatabasefirebase-sch/locations/us-central1/functions/aggregateProjectData","eventTrigger":{"eventType":"providers/cloud.firestore/eventTypes/document.write","resource":"projects/pmcdatabasefirebase-sch/databases/(default)/documents/projects/{projectId}","failurePolicy":{}},"entryPoint":"aggregateProjectData","updateTime":"1970-01-01T00:00:00Z","labels":{"deployment-tool":"cli-firebase","firebase-functions-hash":"ce9dd40db795cce4800dc58afb1c26761a8c0fbc"},"sourceUploadUrl":"https://storage.googleapis.com/uploads-56022745736.us-central1.cloudfunctions.appspot.com/0fa0114e-087f-4cd5-92cf-5881cae4742d.zip?GoogleAccessId=service-426435888632@gcf-admin-robot.iam.gserviceaccount.com&Expires=1770900734&Signature=FeZbgzJsGwlWtQh6f34VPSh0vuMzQe0WOXgalvCw%2BpgXoEa%2FXJwQVr5EZMPYz40XzNLRKdXimdNeyun8yTYxR28i7fmRLtPsLonC7rI8CsiDuV5hmr%2F9rIeDvbD797LoSU6zgDjf%2Fxz%2BdIYCd0HXuq2Tqs4dkIFpWTCNUBEENp0lmW6ROAepyCsmT4JcThxuA39w%2F19te1rvW0VNKu4pwkNuG0tBk3BtWmWBmC7vTKbvgg0qtjnaYJI4BsItMDDz48ctkWUalIiApvw98sAc7AZTLfHQ5cWzhDwcd5qtmhvQPVCxiscuii3CD2X9ocYnIXumt0dsNcqHWqrdouyuxw%3D%3D","environmentVariables":{"FIREBASE_CONFIG":"{\"projectId\":\"pmcdatabasefirebase-sch\",\"storageBucket\":\"pmcdatabasefirebase-sch.firebasestorage.app\"}","GCLOUD_PROJECT":"pmcdatabasefirebase-sch","EVENTARC_CLOUD_EVENT_SOURCE":"projects/pmcdatabasefirebase-sch/locations/us-central1/functions/aggregateProjectData"},"runtime":"nodejs22","buildEnvironmentVariables":{"GOOGLE_NODE_RUN_SCRIPTS":""},"dockerRegistry":"ARTIFACT_REGISTRY"},"versionId":"1","updateTime":"2026-02-12T12:22:15.843814772Z","buildId":"6168f546-419a-4b38-b755-21728fa4c93c","buildName":"projects/426435888632/locations/us-central1/builds/6168f546-419a-4b38-b755-21728fa4c93c"}}
[debug] [2026-02-12T12:23:12.247Z] [create-default-us-central1-aggregateProjectData] Retrying task index 0
[debug] [2026-02-12T12:23:12.247Z] Checked if tokens are valid: true, expires at: 1770901718696
[debug] [2026-02-12T12:23:12.247Z] Checked if tokens are valid: true, expires at: 1770901718696
[debug] [2026-02-12T12:23:12.248Z] >>> [apiv2][query] GET https://cloudfunctions.googleapis.com/v1/operations/cHJvamVjdHMvcG1jZGF0YWJhc2VmaXJlYmFzZS1zY2gvbG9jYXRpb25zL3VzLWNlbnRyYWwxL29wZXJhdGlvbnMvb3BlcmF0aW9uLTE3NzA4OTg5MzQ2NzYtNjRhOWY4OWVmM2I1OC03MzM0ZDgxYi02OTZmMTZlNA [none]
[debug] [2026-02-12T12:23:12.482Z] <<< [apiv2][status] GET https://cloudfunctions.googleapis.com/v1/operations/cHJvamVjdHMvcG1jZGF0YWJhc2VmaXJlYmFzZS1zY2gvbG9jYXRpb25zL3VzLWNlbnRyYWwxL29wZXJhdGlvbnMvb3BlcmF0aW9uLTE3NzA4OTg5MzQ2NzYtNjRhOWY4OWVmM2I1OC03MzM0ZDgxYi02OTZmMTZlNA 200
[debug] [2026-02-12T12:23:12.482Z] <<< [apiv2][body] GET https://cloudfunctions.googleapis.com/v1/operations/cHJvamVjdHMvcG1jZGF0YWJhc2VmaXJlYmFzZS1zY2gvbG9jYXRpb25zL3VzLWNlbnRyYWwxL29wZXJhdGlvbnMvb3BlcmF0aW9uLTE3NzA4OTg5MzQ2NzYtNjRhOWY4OWVmM2I1OC03MzM0ZDgxYi02OTZmMTZlNA {"name":"operations/cHJvamVjdHMvcG1jZGF0YWJhc2VmaXJlYmFzZS1zY2gvbG9jYXRpb25zL3VzLWNlbnRyYWwxL29wZXJhdGlvbnMvb3BlcmF0aW9uLTE3NzA4OTg5MzQ2NzYtNjRhOWY4OWVmM2I1OC03MzM0ZDgxYi02OTZmMTZlNA","metadata":{"@type":"type.googleapis.com/google.cloud.functions.v1.OperationMetadataV1","target":"projects/pmcdatabasefirebase-sch/locations/us-central1/functions/aggregateProjectData","type":"CREATE_FUNCTION","request":{"@type":"type.googleapis.com/google.cloud.functions.v1.CloudFunction","name":"projects/pmcdatabasefirebase-sch/locations/us-central1/functions/aggregateProjectData","eventTrigger":{"eventType":"providers/cloud.firestore/eventTypes/document.write","resource":"projects/pmcdatabasefirebase-sch/databases/(default)/documents/projects/{projectId}","failurePolicy":{}},"entryPoint":"aggregateProjectData","updateTime":"1970-01-01T00:00:00Z","labels":{"deployment-tool":"cli-firebase","firebase-functions-hash":"ce9dd40db795cce4800dc58afb1c26761a8c0fbc"},"sourceUploadUrl":"https://storage.googleapis.com/uploads-56022745736.us-central1.cloudfunctions.appspot.com/0fa0114e-087f-4cd5-92cf-5881cae4742d.zip?GoogleAccessId=service-426435888632@gcf-admin-robot.iam.gserviceaccount.com&Expires=1770900734&Signature=FeZbgzJsGwlWtQh6f34VPSh0vuMzQe0WOXgalvCw%2BpgXoEa%2FXJwQVr5EZMPYz40XzNLRKdXimdNeyun8yTYxR28i7fmRLtPsLonC7rI8CsiDuV5hmr%2F9rIeDvbD797LoSU6zgDjf%2Fxz%2BdIYCd0HXuq2Tqs4dkIFpWTCNUBEENp0lmW6ROAepyCsmT4JcThxuA39w%2F19te1rvW0VNKu4pwkNuG0tBk3BtWmWBmC7vTKbvgg0qtjnaYJI4BsItMDDz48ctkWUalIiApvw98sAc7AZTLfHQ5cWzhDwcd5qtmhvQPVCxiscuii3CD2X9ocYnIXumt0dsNcqHWqrdouyuxw%3D%3D","environmentVariables":{"FIREBASE_CONFIG":"{\"projectId\":\"pmcdatabasefirebase-sch\",\"storageBucket\":\"pmcdatabasefirebase-sch.firebasestorage.app\"}","GCLOUD_PROJECT":"pmcdatabasefirebase-sch","EVENTARC_CLOUD_EVENT_SOURCE":"projects/pmcdatabasefirebase-sch/locations/us-central1/functions/aggregateProjectData"},"runtime":"nodejs22","buildEnvironmentVariables":{"GOOGLE_NODE_RUN_SCRIPTS":""},"dockerRegistry":"ARTIFACT_REGISTRY"},"versionId":"1","updateTime":"2026-02-12T12:22:15.843814772Z","buildId":"6168f546-419a-4b38-b755-21728fa4c93c","buildName":"projects/426435888632/locations/us-central1/builds/6168f546-419a-4b38-b755-21728fa4c93c"}}
[debug] [2026-02-12T12:23:22.494Z] [create-default-us-central1-aggregateProjectData] Retrying task index 0
[debug] [2026-02-12T12:23:22.495Z] Checked if tokens are valid: true, expires at: 1770901718696
[debug] [2026-02-12T12:23:22.495Z] Checked if tokens are valid: true, expires at: 1770901718696
[debug] [2026-02-12T12:23:22.495Z] >>> [apiv2][query] GET https://cloudfunctions.googleapis.com/v1/operations/cHJvamVjdHMvcG1jZGF0YWJhc2VmaXJlYmFzZS1zY2gvbG9jYXRpb25zL3VzLWNlbnRyYWwxL29wZXJhdGlvbnMvb3BlcmF0aW9uLTE3NzA4OTg5MzQ2NzYtNjRhOWY4OWVmM2I1OC03MzM0ZDgxYi02OTZmMTZlNA [none]
[debug] [2026-02-12T12:23:22.724Z] <<< [apiv2][status] GET https://cloudfunctions.googleapis.com/v1/operations/cHJvamVjdHMvcG1jZGF0YWJhc2VmaXJlYmFzZS1zY2gvbG9jYXRpb25zL3VzLWNlbnRyYWwxL29wZXJhdGlvbnMvb3BlcmF0aW9uLTE3NzA4OTg5MzQ2NzYtNjRhOWY4OWVmM2I1OC03MzM0ZDgxYi02OTZmMTZlNA 200
[debug] [2026-02-12T12:23:22.724Z] <<< [apiv2][body] GET https://cloudfunctions.googleapis.com/v1/operations/cHJvamVjdHMvcG1jZGF0YWJhc2VmaXJlYmFzZS1zY2gvbG9jYXRpb25zL3VzLWNlbnRyYWwxL29wZXJhdGlvbnMvb3BlcmF0aW9uLTE3NzA4OTg5MzQ2NzYtNjRhOWY4OWVmM2I1OC03MzM0ZDgxYi02OTZmMTZlNA {"name":"operations/cHJvamVjdHMvcG1jZGF0YWJhc2VmaXJlYmFzZS1zY2gvbG9jYXRpb25zL3VzLWNlbnRyYWwxL29wZXJhdGlvbnMvb3BlcmF0aW9uLTE3NzA4OTg5MzQ2NzYtNjRhOWY4OWVmM2I1OC03MzM0ZDgxYi02OTZmMTZlNA","metadata":{"@type":"type.googleapis.com/google.cloud.functions.v1.OperationMetadataV1","target":"projects/pmcdatabasefirebase-sch/locations/us-central1/functions/aggregateProjectData","type":"CREATE_FUNCTION","request":{"@type":"type.googleapis.com/google.cloud.functions.v1.CloudFunction","name":"projects/pmcdatabasefirebase-sch/locations/us-central1/functions/aggregateProjectData","eventTrigger":{"eventType":"providers/cloud.firestore/eventTypes/document.write","resource":"projects/pmcdatabasefirebase-sch/databases/(default)/documents/projects/{projectId}","failurePolicy":{}},"entryPoint":"aggregateProjectData","updateTime":"1970-01-01T00:00:00Z","labels":{"deployment-tool":"cli-firebase","firebase-functions-hash":"ce9dd40db795cce4800dc58afb1c26761a8c0fbc"},"sourceUploadUrl":"https://storage.googleapis.com/uploads-56022745736.us-central1.cloudfunctions.appspot.com/0fa0114e-087f-4cd5-92cf-5881cae4742d.zip?GoogleAccessId=service-426435888632@gcf-admin-robot.iam.gserviceaccount.com&Expires=1770900734&Signature=FeZbgzJsGwlWtQh6f34VPSh0vuMzQe0WOXgalvCw%2BpgXoEa%2FXJwQVr5EZMPYz40XzNLRKdXimdNeyun8yTYxR28i7fmRLtPsLonC7rI8CsiDuV5hmr%2F9rIeDvbD797LoSU6zgDjf%2Fxz%2BdIYCd0HXuq2Tqs4dkIFpWTCNUBEENp0lmW6ROAepyCsmT4JcThxuA39w%2F19te1rvW0VNKu4pwkNuG0tBk3BtWmWBmC7vTKbvgg0qtjnaYJI4BsItMDDz48ctkWUalIiApvw98sAc7AZTLfHQ5cWzhDwcd5qtmhvQPVCxiscuii3CD2X9ocYnIXumt0dsNcqHWqrdouyuxw%3D%3D","environmentVariables":{"FIREBASE_CONFIG":"{\"projectId\":\"pmcdatabasefirebase-sch\",\"storageBucket\":\"pmcdatabasefirebase-sch.firebasestorage.app\"}","GCLOUD_PROJECT":"pmcdatabasefirebase-sch","EVENTARC_CLOUD_EVENT_SOURCE":"projects/pmcdatabasefirebase-sch/locations/us-central1/functions/aggregateProjectData"},"runtime":"nodejs22","buildEnvironmentVariables":{"GOOGLE_NODE_RUN_SCRIPTS":""},"dockerRegistry":"ARTIFACT_REGISTRY"},"versionId":"1","updateTime":"2026-02-12T12:23:13.649630552Z","buildId":"6168f546-419a-4b38-b755-21728fa4c93c","buildName":"projects/426435888632/locations/us-central1/builds/6168f546-419a-4b38-b755-21728fa4c93c"},"done":true,"error":{"code":3,"message":"Gen1 operation for function projects/pmcdatabasefirebase-sch/locations/us-central1/functions/aggregateProjectData failed: Build failed: npm error code ERESOLVE\nnpm error ERESOLVE could not resolve\nnpm error\nnpm error While resolving: firebase-functions@4.9.0\nnpm error Found: firebase-admin@13.6.1\nnpm error node_modules/firebase-admin\nnpm error   dev firebase-admin@\"^13.6.1\" from the root project\nnpm error   peer firebase-admin@\"^8.0.0 || ^9.0.0 || ^10.0.0 || ^11.0.0 || ^12.0.0 || ^13.0.0\" from firebase-functions-test@3.4.1\nnpm error   node_modules/firebase-functions-test\nnpm error     dev firebase-functions-test@\"^3.1.0\" from the root project\nnpm error\nnpm error Could not resolve dependency:\nnpm error peer firebase-admin@\"^10.0.0 || ^11.0.0 || ^12.0.0\" from firebase-functions@4.9.0\nnpm error node_modules/firebase-functions\nnpm error   firebase-functions@\"^4.3.1\" from the root project\nnpm error   peer firebase-functions@\">=4.9.0\" from firebase-functions-test@3.4.1\nnpm error   node_modules/firebase-functions-test\nnpm error     dev firebase-functions-test@\"^3.1.0\" from the root project\nnpm error\nnpm error Conflicting peer dependency: firebase-admin@12.7.0\nnpm error node_modules/firebase-admin\nnpm error   peer firebase-admin@\"^10.0.0 || ^11.0.0 || ^12.0.0\" from firebase-functions@4.9.0\nnpm error   node_modules/firebase-functions\nnpm error     firebase-functions@\"^4.3.1\" from the root project\nnpm error     peer firebase-functions@\">=4.9.0\" from firebase-functions-test@3.4.1\nnpm error     node_modules/firebase-functions-test\nnpm error       dev firebase-functions-test@\"^3.1.0\" from the root project\nnpm error\nnpm error Fix the upstream dependency conflict, or retry\nnpm error this command with --force or --legacy-peer-deps\nnpm error to accept an incorrect (and potentially broken) dependency resolution.\nnpm error\nnpm error\nnpm error For a full report see:\nnpm error /www-data-home/.npm/_logs/2026-02-12T12_22_50_604Z-eresolve-report.txt\nnpm error A complete log of this run can be found in: /www-data-home/.npm/_logs/2026-02-12T12_22_50_604Z-debug-0.log; Error ID: 7fa33aaa."}}
[debug] [2026-02-12T12:23:22.724Z] Got source token undefined for region us-central1
[error] Gen1 operation for function projects/pmcdatabasefirebase-sch/locations/us-central1/functions/aggregateProjectData failed: Build failed: npm error code ERESOLVE
npm error ERESOLVE could not resolve
npm error
npm error While resolving: firebase-functions@4.9.0
npm error Found: firebase-admin@13.6.1
npm error node_modules/firebase-admin
npm error   dev firebase-admin@"^13.6.1" from the root project
npm error   peer firebase-admin@"^8.0.0 || ^9.0.0 || ^10.0.0 || ^11.0.0 || ^12.0.0 || ^13.0.0" from firebase-functions-test@3.4.1
npm error   node_modules/firebase-functions-test
npm error     dev firebase-functions-test@"^3.1.0" from the root project
npm error
npm error Could not resolve dependency:
npm error peer firebase-admin@"^10.0.0 || ^11.0.0 || ^12.0.0" from firebase-functions@4.9.0
npm error node_modules/firebase-functions
npm error   firebase-functions@"^4.3.1" from the root project
npm error   peer firebase-functions@">=4.9.0" from firebase-functions-test@3.4.1
npm error   node_modules/firebase-functions-test
npm error     dev firebase-functions-test@"^3.1.0" from the root project
npm error
npm error Conflicting peer dependency: firebase-admin@12.7.0
npm error node_modules/firebase-admin
npm error   peer firebase-admin@"^10.0.0 || ^11.0.0 || ^12.0.0" from firebase-functions@4.9.0
npm error   node_modules/firebase-functions
npm error     firebase-functions@"^4.3.1" from the root project
npm error     peer firebase-functions@">=4.9.0" from firebase-functions-test@3.4.1
npm error     node_modules/firebase-functions-test
npm error       dev firebase-functions-test@"^3.1.0" from the root project
npm error
npm error Fix the upstream dependency conflict, or retry
npm error this command with --force or --legacy-peer-deps
npm error to accept an incorrect (and potentially broken) dependency resolution.
npm error
npm error
npm error For a full report see:
npm error /www-data-home/.npm/_logs/2026-02-12T12_22_50_604Z-eresolve-report.txt
npm error A complete log of this run can be found in: /www-data-home/.npm/_logs/2026-02-12T12_22_50_604Z-debug-0.log; Error ID: 7fa33aaa.
[debug] [2026-02-12T12:23:22.729Z] Total Function Deployment time: 69041
[debug] [2026-02-12T12:23:22.729Z] 1 Functions Deployed
[debug] [2026-02-12T12:23:22.729Z] 1 Functions Errored
[debug] [2026-02-12T12:23:22.729Z] 0 Function Deployments Aborted
[debug] [2026-02-12T12:23:22.729Z] Average Function Deployment time: 69041
[info] 
[info] Functions deploy had errors with the following functions:
	aggregateProjectData(us-central1)
[debug] [2026-02-12T12:23:22.854Z] Checked if tokens are valid: true, expires at: 1770901718696
[debug] [2026-02-12T12:23:22.854Z] Checked if tokens are valid: true, expires at: 1770901718696
[debug] [2026-02-12T12:23:22.854Z] >>> [apiv2][query] GET https://artifactregistry.googleapis.com/v1/projects/pmcdatabasefirebase-sch/locations/us-central1/repositories/gcf-artifacts [none]
[debug] [2026-02-12T12:23:23.242Z] <<< [apiv2][status] GET https://artifactregistry.googleapis.com/v1/projects/pmcdatabasefirebase-sch/locations/us-central1/repositories/gcf-artifacts 200
[debug] [2026-02-12T12:23:23.242Z] <<< [apiv2][body] GET https://artifactregistry.googleapis.com/v1/projects/pmcdatabasefirebase-sch/locations/us-central1/repositories/gcf-artifacts {"name":"projects/pmcdatabasefirebase-sch/locations/us-central1/repositories/gcf-artifacts","format":"DOCKER","description":"This repository is created and used by Cloud Functions for storing function docker images.","labels":{"goog-managed-by":"cloudfunctions"},"createTime":"2026-02-12T12:22:26.129560Z","updateTime":"2026-02-12T12:22:26.129560Z","mode":"STANDARD_REPOSITORY","vulnerabilityScanningConfig":{"lastEnableTime":"2026-02-12T12:22:17.771608149Z","enablementState":"SCANNING_DISABLED","enablementStateReason":"API containerscanning.googleapis.com is not enabled."},"satisfiesPzi":true,"registryUri":"us-central1-docker.pkg.dev/pmcdatabasefirebase-sch/gcf-artifacts"}
[warn] !  functions: No cleanup policy detected for repositories in us-central1. This may result in a small monthly bill as container images accumulate over time. 
[info] i  functions: Configuring cleanup policy for repository in us-central1. Images older than 1 days will be automatically deleted. 
[debug] [2026-02-12T12:23:23.251Z] Setting up artifact cleanup policy for region us-central1
[debug] [2026-02-12T12:23:23.251Z] Checked if tokens are valid: true, expires at: 1770901718696
[debug] [2026-02-12T12:23:23.251Z] Checked if tokens are valid: true, expires at: 1770901718696
[debug] [2026-02-12T12:23:23.251Z] >>> [apiv2][query] PATCH https://artifactregistry.googleapis.com/v1/projects/pmcdatabasefirebase-sch/locations/us-central1/repositories/gcf-artifacts updateMask=name%2CcleanupPolicies%2CcleanupPolicyDryRun%2Clabels
[debug] [2026-02-12T12:23:23.251Z] >>> [apiv2][body] PATCH https://artifactregistry.googleapis.com/v1/projects/pmcdatabasefirebase-sch/locations/us-central1/repositories/gcf-artifacts {"name":"projects/pmcdatabasefirebase-sch/locations/us-central1/repositories/gcf-artifacts","cleanupPolicies":{"firebase-functions-cleanup":{"id":"firebase-functions-cleanup","condition":{"tagState":"ANY","olderThan":"86400s"},"action":"DELETE"}},"cleanupPolicyDryRun":false,"labels":{"goog-managed-by":"cloudfunctions"}}
[debug] [2026-02-12T12:23:23.408Z] <<< [apiv2][status] PATCH https://artifactregistry.googleapis.com/v1/projects/pmcdatabasefirebase-sch/locations/us-central1/repositories/gcf-artifacts 200
[debug] [2026-02-12T12:23:23.408Z] <<< [apiv2][body] PATCH https://artifactregistry.googleapis.com/v1/projects/pmcdatabasefirebase-sch/locations/us-central1/repositories/gcf-artifacts {"name":"projects/pmcdatabasefirebase-sch/locations/us-central1/repositories/gcf-artifacts","format":"DOCKER","description":"This repository is created and used by Cloud Functions for storing function docker images.","labels":{"goog-managed-by":"cloudfunctions"},"createTime":"2026-02-12T12:22:26.129560Z","updateTime":"2026-02-12T12:23:24.215522Z","mode":"STANDARD_REPOSITORY","cleanupPolicies":{"firebase-functions-cleanup":{"id":"firebase-functions-cleanup","action":"DELETE","condition":{"tagState":"ANY","olderThan":"86400s"}}},"vulnerabilityScanningConfig":{"lastEnableTime":"2026-02-12T12:22:17.771608149Z","enablementState":"SCANNING_DISABLED","enablementStateReason":"API containerscanning.googleapis.com is not enabled."},"satisfiesPzi":true}
[info] i  functions: Configured cleanup policy for repository in us-central1. 
[debug] [2026-02-12T12:23:23.408Z] Functions deploy failed.
[debug] [2026-02-12T12:23:23.408Z] {
  "endpoint": {
    "id": "aggregateProjectData",
    "project": "pmcdatabasefirebase-sch",
    "region": "us-central1",
    "entryPoint": "aggregateProjectData",
    "platform": "gcfv1",
    "runtime": "nodejs22",
    "eventTrigger": {
      "eventType": "providers/cloud.firestore/eventTypes/document.write",
      "retry": false,
      "eventFilters": {
        "resource": "projects/pmcdatabasefirebase-sch/databases/(default)/documents/projects/{projectId}"
      }
    },
    "labels": {
      "deployment-tool": "cli-firebase"
    },
    "serviceAccount": null,
    "ingressSettings": null,
    "availableMemoryMb": null,
    "timeoutSeconds": null,
    "maxInstances": null,
    "minInstances": null,
    "vpc": null,
    "environmentVariables": {
      "FIREBASE_CONFIG": "{\"projectId\":\"pmcdatabasefirebase-sch\",\"storageBucket\":\"pmcdatabasefirebase-sch.firebasestorage.app\"}",
      "GCLOUD_PROJECT": "pmcdatabasefirebase-sch",
      "EVENTARC_CLOUD_EVENT_SOURCE": "projects/pmcdatabasefirebase-sch/locations/us-central1/functions/aggregateProjectData"
    },
    "codebase": "default",
    "targetedByOnly": false,
    "hash": "ce9dd40db795cce4800dc58afb1c26761a8c0fbc"
  },
  "op": "create",
  "original": {
    "name": "FirebaseError",
    "children": [],
    "exit": 1,
    "message": "Gen1 operation for function projects/pmcdatabasefirebase-sch/locations/us-central1/functions/aggregateProjectData failed: Build failed: npm error code ERESOLVE\nnpm error ERESOLVE could not resolve\nnpm error\nnpm error While resolving: firebase-functions@4.9.0\nnpm error Found: firebase-admin@13.6.1\nnpm error node_modules/firebase-admin\nnpm error   dev firebase-admin@\"^13.6.1\" from the root project\nnpm error   peer firebase-admin@\"^8.0.0 || ^9.0.0 || ^10.0.0 || ^11.0.0 || ^12.0.0 || ^13.0.0\" from firebase-functions-test@3.4.1\nnpm error   node_modules/firebase-functions-test\nnpm error     dev firebase-functions-test@\"^3.1.0\" from the root project\nnpm error\nnpm error Could not resolve dependency:\nnpm error peer firebase-admin@\"^10.0.0 || ^11.0.0 || ^12.0.0\" from firebase-functions@4.9.0\nnpm error node_modules/firebase-functions\nnpm error   firebase-functions@\"^4.3.1\" from the root project\nnpm error   peer firebase-functions@\">=4.9.0\" from firebase-functions-test@3.4.1\nnpm error   node_modules/firebase-functions-test\nnpm error     dev firebase-functions-test@\"^3.1.0\" from the root project\nnpm error\nnpm error Conflicting peer dependency: firebase-admin@12.7.0\nnpm error node_modules/firebase-admin\nnpm error   peer firebase-admin@\"^10.0.0 || ^11.0.0 || ^12.0.0\" from firebase-functions@4.9.0\nnpm error   node_modules/firebase-functions\nnpm error     firebase-functions@\"^4.3.1\" from the root project\nnpm error     peer firebase-functions@\">=4.9.0\" from firebase-functions-test@3.4.1\nnpm error     node_modules/firebase-functions-test\nnpm error       dev firebase-functions-test@\"^3.1.0\" from the root project\nnpm error\nnpm error Fix the upstream dependency conflict, or retry\nnpm error this command with --force or --legacy-peer-deps\nnpm error to accept an incorrect (and potentially broken) dependency resolution.\nnpm error\nnpm error\nnpm error For a full report see:\nnpm error /www-data-home/.npm/_logs/2026-02-12T12_22_50_604Z-eresolve-report.txt\nnpm error A complete log of this run can be found in: /www-data-home/.npm/_logs/2026-02-12T12_22_50_604Z-debug-0.log; Error ID: 7fa33aaa.",
    "original": {
      "code": 3,
      "message": "Gen1 operation for function projects/pmcdatabasefirebase-sch/locations/us-central1/functions/aggregateProjectData failed: Build failed: npm error code ERESOLVE\nnpm error ERESOLVE could not resolve\nnpm error\nnpm error While resolving: firebase-functions@4.9.0\nnpm error Found: firebase-admin@13.6.1\nnpm error node_modules/firebase-admin\nnpm error   dev firebase-admin@\"^13.6.1\" from the root project\nnpm error   peer firebase-admin@\"^8.0.0 || ^9.0.0 || ^10.0.0 || ^11.0.0 || ^12.0.0 || ^13.0.0\" from firebase-functions-test@3.4.1\nnpm error   node_modules/firebase-functions-test\nnpm error     dev firebase-functions-test@\"^3.1.0\" from the root project\nnpm error\nnpm error Could not resolve dependency:\nnpm error peer firebase-admin@\"^10.0.0 || ^11.0.0 || ^12.0.0\" from firebase-functions@4.9.0\nnpm error node_modules/firebase-functions\nnpm error   firebase-functions@\"^4.3.1\" from the root project\nnpm error   peer firebase-functions@\">=4.9.0\" from firebase-functions-test@3.4.1\nnpm error   node_modules/firebase-functions-test\nnpm error     dev firebase-functions-test@\"^3.1.0\" from the root project\nnpm error\nnpm error Conflicting peer dependency: firebase-admin@12.7.0\nnpm error node_modules/firebase-admin\nnpm error   peer firebase-admin@\"^10.0.0 || ^11.0.0 || ^12.0.0\" from firebase-functions@4.9.0\nnpm error   node_modules/firebase-functions\nnpm error     firebase-functions@\"^4.3.1\" from the root project\nnpm error     peer firebase-functions@\">=4.9.0\" from firebase-functions-test@3.4.1\nnpm error     node_modules/firebase-functions-test\nnpm error       dev firebase-functions-test@\"^3.1.0\" from the root project\nnpm error\nnpm error Fix the upstream dependency conflict, or retry\nnpm error this command with --force or --legacy-peer-deps\nnpm error to accept an incorrect (and potentially broken) dependency resolution.\nnpm error\nnpm error\nnpm error For a full report see:\nnpm error /www-data-home/.npm/_logs/2026-02-12T12_22_50_604Z-eresolve-report.txt\nnpm error A complete log of this run can be found in: /www-data-home/.npm/_logs/2026-02-12T12_22_50_604Z-debug-0.log; Error ID: 7fa33aaa."
    },
    "status": 3,
    "code": 3
  }
}
[debug] [2026-02-12T12:23:23.456Z] Error: Failed to create function aggregateProjectData in region us-central1
    at C:\Users\ToddGilmore\AppData\Roaming\npm\node_modules\firebase-tools\lib\deploy\functions\release\fabricator.js:53:11
    at process.processTicksAndRejections (node:internal/process/task_queues:103:5)
    at async Fabricator.createV1Function (C:\Users\ToddGilmore\AppData\Roaming\npm\node_modules\firebase-tools\lib\deploy\functions\release\fabricator.js:194:32)
    at async Fabricator.createEndpoint (C:\Users\ToddGilmore\AppData\Roaming\npm\node_modules\firebase-tools\lib\deploy\functions\release\fabricator.js:135:13)
    at async handle (C:\Users\ToddGilmore\AppData\Roaming\npm\node_modules\firebase-tools\lib\deploy\functions\release\fabricator.js:90:17)
[error] 
[error] Error: There was an error deploying functions
